{"timestamp_ms":1768457469023,"event":"player_join","player_id":1,"connection_id":"f4872544-6df1-44f5-b2e1-b7427a3fad15"}
{"timestamp_ms":1768457471326,"event":"player_join","player_id":2,"connection_id":"8fe66372-d4c0-4ae5-bd15-5d74ca209bde"}
{"timestamp_ms":1768457475779,"event":"player_leave","player_id":1,"connection_id":"f4872544-6df1-44f5-b2e1-b7427a3fad15"}
{"timestamp_ms":1768457476099,"event":"player_join","player_id":3,"connection_id":"839f458f-c247-41d8-b628-d6b7c949c405"}
{"timestamp_ms":1768457491323,"event":"direction_change","player_id":3,"direction":"South"}
{"timestamp_ms":1768457513961,"event":"player_join","player_id":1,"connection_id":"786debdd-5bb0-49d2-b44e-8b9bc3337a0b"}
{"timestamp_ms":1768457515328,"event":"player_join","player_id":2,"connection_id":"b45a4068-718f-4386-9c93-a1eb07ad5dfb"}
{"timestamp_ms":1768457522538,"event":"player_leave","player_id":1,"connection_id":"786debdd-5bb0-49d2-b44e-8b9bc3337a0b"}
{"timestamp_ms":1768457522858,"event":"player_join","player_id":3,"connection_id":"d83c751d-4bca-412b-978e-4a895350b4b4"}
{"timestamp_ms":1768457527561,"event":"direction_change","player_id":3,"direction":"North"}
{"timestamp_ms":1768457529834,"event":"direction_change","player_id":3,"direction":"East"}
{"timestamp_ms":1768457530462,"event":"direction_change","player_id":3,"direction":"North"}
{"timestamp_ms":1768457531863,"event":"direction_change","player_id":3,"direction":"West"}
{"timestamp_ms":1768457531944,"event":"food_eaten","player_id":3,"food_id":1,"location":{"x":330,"y":220}}
{"timestamp_ms":1768457532668,"event":"direction_change","player_id":3,"direction":"South"}
{"timestamp_ms":1768457533284,"event":"direction_change","player_id":3,"direction":"East"}
{"timestamp_ms":1768457534281,"event":"direction_change","player_id":3,"direction":"South"}
{"timestamp_ms":1768457534719,"event":"direction_change","player_id":3,"direction":"East"}
{"timestamp_ms":1768457535243,"event":"direction_change","player_id":3,"direction":"North"}
{"timestamp_ms":1768457536274,"event":"direction_change","player_id":3,"direction":"West"}
{"timestamp_ms":1768457536341,"event":"food_eaten","player_id":3,"food_id":2,"location":{"x":410,"y":220}}
{"timestamp_ms":1768457536976,"event":"direction_change","player_id":3,"direction":"South"}
{"timestamp_ms":1768457537828,"event":"direction_change","player_id":3,"direction":"East"}
{"timestamp_ms":1768457537940,"event":"food_eaten","player_id":3,"food_id":1,"location":{"x":370,"y":300}}
{"timestamp_ms":1768457540179,"event":"direction_change","player_id":3,"direction":"South"}
{"timestamp_ms":1768457542040,"event":"food_eaten","player_id":3,"food_id":1,"location":{"x":590,"y":10}}
{"timestamp_ms":1768457740193,"event":"player_join","player_id":1,"connection_id":"12701be2-0ba0-4ef1-80f9-b4161457c2be"}
{"timestamp_ms":1768457741876,"event":"player_join","player_id":2,"connection_id":"c7a7d8df-0c41-486b-9834-9da9882c07eb"}
{"timestamp_ms":1768457744569,"event":"direction_change","player_id":1,"direction":"South"}
{"timestamp_ms":1768457747839,"event":"direction_change","player_id":1,"direction":"West"}
{"timestamp_ms":1768457751333,"event":"direction_change","player_id":1,"direction":"South"}
{"timestamp_ms":1768457752499,"event":"direction_change","player_id":1,"direction":"East"}
{"timestamp_ms":1768457752695,"event":"food_eaten","player_id":1,"food_id":3,"location":{"x":50,"y":330}}
{"timestamp_ms":1768457757207,"event":"direction_change","player_id":1,"direction":"North"}
{"timestamp_ms":1768457757630,"event":"direction_change","player_id":1,"direction":"East"}
{"timestamp_ms":1768457758083,"event":"direction_change","player_id":1,"direction":"South"}
{"timestamp_ms":1768457758468,"event":"direction_change","player_id":1,"direction":"West"}
{"timestamp_ms":1768457758851,"event":"direction_change","player_id":1,"direction":"North"}
{"timestamp_ms":1768457759532,"event":"direction_change","player_id":1,"direction":"West"}
{"timestamp_ms":1768457760012,"event":"direction_change","player_id":1,"direction":"South"}
{"timestamp_ms":1768457760359,"event":"direction_change","player_id":1,"direction":"East"}
{"timestamp_ms":1768457761039,"event":"direction_change","player_id":1,"direction":"South"}
{"timestamp_ms":1768457761578,"event":"direction_change","player_id":1,"direction":"West"}
{"timestamp_ms":1768457761963,"event":"direction_change","player_id":1,"direction":"North"}
{"timestamp_ms":1768457762353,"event":"direction_change","player_id":1,"direction":"East"}
{"timestamp_ms":1768457762776,"event":"direction_change","player_id":1,"direction":"South"}
{"timestamp_ms":1768457763175,"event":"direction_change","player_id":1,"direction":"West"}
{"timestamp_ms":1768457763602,"event":"direction_change","player_id":1,"direction":"North"}
{"timestamp_ms":1768457763878,"event":"direction_change","player_id":1,"direction":"West"}
{"timestamp_ms":1768457764215,"event":"direction_change","player_id":1,"direction":"South"}
{"timestamp_ms":1768457764722,"event":"direction_change","player_id":1,"direction":"West"}
{"timestamp_ms":1768457765032,"event":"direction_change","player_id":1,"direction":"North"}
{"timestamp_ms":1768457765851,"event":"direction_change","player_id":1,"direction":"West"}
{"timestamp_ms":1768457769743,"event":"direction_change","player_id":1,"direction":"South"}
{"timestamp_ms":1768457770251,"event":"direction_change","player_id":1,"direction":"East"}
{"timestamp_ms":1768457770290,"event":"food_eaten","player_id":1,"food_id":3,"location":{"x":20,"y":340}}
{"timestamp_ms":1768457791291,"event":"direction_change","player_id":1,"direction":"North"}
{"timestamp_ms":1768457792527,"event":"direction_change","player_id":1,"direction":"West"}
{"timestamp_ms":1768457794403,"event":"food_eaten","player_id":1,"food_id":0,"location":{"x":10,"y":220}}
{"timestamp_ms":1768457795919,"event":"direction_change","player_id":1,"direction":"South"}
{"timestamp_ms":1768457796896,"event":"food_eaten","player_id":1,"food_id":0,"location":{"x":500,"y":320}}
{"timestamp_ms":1768458107896,"event":"player_leave","player_id":2,"connection_id":"c7a7d8df-0c41-486b-9834-9da9882c07eb"}
{"timestamp_ms":1768458108219,"event":"player_join","player_id":3,"connection_id":"64b9e57a-2256-4d21-bd80-dc87db2b433a"}
{"timestamp_ms":1768458111639,"event":"player_leave","player_id":3,"connection_id":"64b9e57a-2256-4d21-bd80-dc87db2b433a"}
{"timestamp_ms":1768458111981,"event":"player_join","player_id":4,"connection_id":"f6a0663f-d9b7-45b8-b485-6db597d6349c"}
{"timestamp_ms":1768458112849,"event":"player_leave","player_id":4,"connection_id":"f6a0663f-d9b7-45b8-b485-6db597d6349c"}
{"timestamp_ms":1768458113170,"event":"player_join","player_id":5,"connection_id":"a72d0b6b-f296-4f68-8d1b-ca16a113ad7c"}
{"timestamp_ms":1768458113986,"event":"player_leave","player_id":5,"connection_id":"a72d0b6b-f296-4f68-8d1b-ca16a113ad7c"}
{"timestamp_ms":1768458114314,"event":"player_join","player_id":6,"connection_id":"bb27ca3b-dd99-4314-8dd1-0c5069eb47b3"}
{"timestamp_ms":1768458175509,"event":"direction_change","player_id":6,"direction":"North"}
{"timestamp_ms":1768458176461,"event":"direction_change","player_id":6,"direction":"East"}
{"timestamp_ms":1768458178740,"event":"direction_change","player_id":6,"direction":"North"}
{"timestamp_ms":1768458181197,"event":"food_eaten","player_id":6,"food_id":3,"location":{"x":300,"y":130}}
{"timestamp_ms":1768458181718,"event":"direction_change","player_id":6,"direction":"East"}
{"timestamp_ms":1768458181896,"event":"food_eaten","player_id":6,"food_id":4,"location":{"x":320,"y":80}}
{"timestamp_ms":1768458183696,"event":"player_death","victim_id":6,"killer_id":1,"cause":"killed_by_other"}
{"timestamp_ms":1768458912853,"event":"player_join","player_id":1,"connection_id":"638d1928-1aa0-4084-a997-0abb8ab4ef18"}
{"timestamp_ms":1768458917049,"event":"direction_change","player_id":1,"direction":"North"}
{"timestamp_ms":1768458917535,"event":"direction_change","player_id":1,"direction":"West"}
{"timestamp_ms":1768458918233,"event":"direction_change","player_id":1,"direction":"North"}
{"timestamp_ms":1768458918453,"event":"direction_change","player_id":1,"direction":"East"}
{"timestamp_ms":1768458918877,"event":"direction_change","player_id":1,"direction":"North"}
{"timestamp_ms":1768458919100,"event":"direction_change","player_id":1,"direction":"West"}
{"timestamp_ms":1768458919562,"event":"direction_change","player_id":1,"direction":"North"}
{"timestamp_ms":1768458920720,"event":"direction_change","player_id":1,"direction":"West"}
{"timestamp_ms":1768458921329,"event":"direction_change","player_id":1,"direction":"South"}
{"timestamp_ms":1768458921410,"event":"food_eaten","player_id":1,"food_id":1,"location":{"x":230,"y":40}}
{"timestamp_ms":1768459011094,"event":"player_leave","player_id":1,"connection_id":"638d1928-1aa0-4084-a997-0abb8ab4ef18"}
{"timestamp_ms":1768459011462,"event":"player_join","player_id":2,"connection_id":"4a866b3d-4469-485a-a52e-a2b435358b2a"}
{"timestamp_ms":1768459011676,"event":"player_leave","player_id":2,"connection_id":"4a866b3d-4469-485a-a52e-a2b435358b2a"}
{"timestamp_ms":1768459012034,"event":"player_join","player_id":3,"connection_id":"dac6dfce-e56c-442b-babe-c13e0809d724"}
{"timestamp_ms":1768459012236,"event":"player_leave","player_id":3,"connection_id":"dac6dfce-e56c-442b-babe-c13e0809d724"}
{"timestamp_ms":1768459012592,"event":"player_join","player_id":4,"connection_id":"29866f6d-54d4-4b85-a0bd-df6b02301863"}
{"timestamp_ms":1768459012778,"event":"player_leave","player_id":4,"connection_id":"29866f6d-54d4-4b85-a0bd-df6b02301863"}
{"timestamp_ms":1768459013136,"event":"player_join","player_id":5,"connection_id":"52976628-cd84-4be9-b981-6740dbf78baa"}
{"timestamp_ms":1768459013353,"event":"player_leave","player_id":5,"connection_id":"52976628-cd84-4be9-b981-6740dbf78baa"}
{"timestamp_ms":1768459013721,"event":"player_join","player_id":6,"connection_id":"14045a31-8148-4c83-8bd3-4ce5e8fc4ba1"}
{"timestamp_ms":1768459013886,"event":"player_leave","player_id":6,"connection_id":"14045a31-8148-4c83-8bd3-4ce5e8fc4ba1"}
{"timestamp_ms":1768459014248,"event":"player_join","player_id":7,"connection_id":"94c16a1e-dd7a-44e4-890d-a89bad963bd8"}
{"timestamp_ms":1768459014447,"event":"player_leave","player_id":7,"connection_id":"94c16a1e-dd7a-44e4-890d-a89bad963bd8"}
{"timestamp_ms":1768459014807,"event":"player_join","player_id":8,"connection_id":"8a6aeed1-5fb7-4128-9180-342aa4deafa2"}
{"timestamp_ms":1768459014995,"event":"player_leave","player_id":8,"connection_id":"8a6aeed1-5fb7-4128-9180-342aa4deafa2"}
{"timestamp_ms":1768459015359,"event":"player_join","player_id":9,"connection_id":"b4d10f4a-f8e5-4030-92a6-2341f50b96df"}
{"timestamp_ms":1768459015554,"event":"player_leave","player_id":9,"connection_id":"b4d10f4a-f8e5-4030-92a6-2341f50b96df"}
{"timestamp_ms":1768459015917,"event":"player_join","player_id":10,"connection_id":"8f8fd449-6911-41e5-87c1-a98ef7277a9a"}
{"timestamp_ms":1768459016114,"event":"player_leave","player_id":10,"connection_id":"8f8fd449-6911-41e5-87c1-a98ef7277a9a"}
{"timestamp_ms":1768459016475,"event":"player_join","player_id":11,"connection_id":"28db39eb-00bc-444e-9c52-4febe611ebb2"}
{"timestamp_ms":1768459016696,"event":"player_leave","player_id":11,"connection_id":"28db39eb-00bc-444e-9c52-4febe611ebb2"}
{"timestamp_ms":1768459017057,"event":"player_join","player_id":12,"connection_id":"c70e28ab-8fcc-49c4-91dd-037f8195661d"}
{"timestamp_ms":1768459017233,"event":"player_leave","player_id":12,"connection_id":"c70e28ab-8fcc-49c4-91dd-037f8195661d"}
{"timestamp_ms":1768459017595,"event":"player_join","player_id":13,"connection_id":"cfc0950f-6097-4440-b62d-33eed4807510"}
{"timestamp_ms":1768459017796,"event":"player_leave","player_id":13,"connection_id":"cfc0950f-6097-4440-b62d-33eed4807510"}
{"timestamp_ms":1768459018158,"event":"player_join","player_id":14,"connection_id":"25c24076-b357-4cf5-87b0-017bcaebc8b1"}
{"timestamp_ms":1768459018373,"event":"player_leave","player_id":14,"connection_id":"25c24076-b357-4cf5-87b0-017bcaebc8b1"}
{"timestamp_ms":1768459018750,"event":"player_join","player_id":15,"connection_id":"894a9ccd-d8f4-49bd-bfa5-cacdf3bf5e71"}
{"timestamp_ms":1768459018921,"event":"player_leave","player_id":15,"connection_id":"894a9ccd-d8f4-49bd-bfa5-cacdf3bf5e71"}
{"timestamp_ms":1768459019290,"event":"player_join","player_id":16,"connection_id":"f024adbc-fe27-42a7-9f7a-f4ae43b57ac5"}
{"timestamp_ms":1768459019477,"event":"player_leave","player_id":16,"connection_id":"f024adbc-fe27-42a7-9f7a-f4ae43b57ac5"}
{"timestamp_ms":1768459019831,"event":"player_join","player_id":17,"connection_id":"16f4e2de-478f-4283-89de-193d0071e1b6"}
{"timestamp_ms":1768459020034,"event":"player_leave","player_id":17,"connection_id":"16f4e2de-478f-4283-89de-193d0071e1b6"}
{"timestamp_ms":1768459020390,"event":"player_join","player_id":18,"connection_id":"1faf405f-f4b5-4818-9bba-d3cc3abdcc55"}
{"timestamp_ms":1768459020591,"event":"player_leave","player_id":18,"connection_id":"1faf405f-f4b5-4818-9bba-d3cc3abdcc55"}
{"timestamp_ms":1768459020952,"event":"player_join","player_id":19,"connection_id":"2733dc79-114d-4fc7-8988-b0e9f518a64e"}
{"timestamp_ms":1768459021138,"event":"player_leave","player_id":19,"connection_id":"2733dc79-114d-4fc7-8988-b0e9f518a64e"}
{"timestamp_ms":1768459021499,"event":"player_join","player_id":20,"connection_id":"8b8dd8e6-ed6c-4074-a5de-a37d24211760"}
{"timestamp_ms":1768459021774,"event":"player_leave","player_id":20,"connection_id":"8b8dd8e6-ed6c-4074-a5de-a37d24211760"}
{"timestamp_ms":1768459022149,"event":"player_join","player_id":21,"connection_id":"56206a4e-6230-40c9-a330-df3d4a286bd4"}
{"timestamp_ms":1768459022305,"event":"player_leave","player_id":21,"connection_id":"56206a4e-6230-40c9-a330-df3d4a286bd4"}
{"timestamp_ms":1768459022667,"event":"player_join","player_id":22,"connection_id":"e07fd7e5-b4c7-47fc-99f0-5c611d87e150"}
{"timestamp_ms":1768459022864,"event":"player_leave","player_id":22,"connection_id":"e07fd7e5-b4c7-47fc-99f0-5c611d87e150"}
{"timestamp_ms":1768459023224,"event":"player_join","player_id":23,"connection_id":"5ce6befe-b593-43a4-9b9c-348a63a58748"}
{"timestamp_ms":1768459023423,"event":"player_leave","player_id":23,"connection_id":"5ce6befe-b593-43a4-9b9c-348a63a58748"}
{"timestamp_ms":1768459023784,"event":"player_join","player_id":24,"connection_id":"6cf6e6b1-98df-407c-88a7-4477868fc4a7"}
{"timestamp_ms":1768459024002,"event":"player_leave","player_id":24,"connection_id":"6cf6e6b1-98df-407c-88a7-4477868fc4a7"}
{"timestamp_ms":1768459024375,"event":"player_join","player_id":25,"connection_id":"4089fdf1-c2a2-4b17-9c20-b1014e35a723"}
{"timestamp_ms":1768459024545,"event":"player_leave","player_id":25,"connection_id":"4089fdf1-c2a2-4b17-9c20-b1014e35a723"}
{"timestamp_ms":1768459024904,"event":"player_join","player_id":26,"connection_id":"20a7a143-547b-4285-b2b1-078ced2ab566"}
{"timestamp_ms":1768459025104,"event":"player_leave","player_id":26,"connection_id":"20a7a143-547b-4285-b2b1-078ced2ab566"}
{"timestamp_ms":1768459025465,"event":"player_join","player_id":27,"connection_id":"8f4b0d4e-d277-441c-9881-144596e024f6"}
{"timestamp_ms":1768459025662,"event":"player_leave","player_id":27,"connection_id":"8f4b0d4e-d277-441c-9881-144596e024f6"}
{"timestamp_ms":1768459026040,"event":"player_join","player_id":28,"connection_id":"8d40e134-c097-4c31-b2cc-7057d22983ff"}
{"timestamp_ms":1768459026243,"event":"player_leave","player_id":28,"connection_id":"8d40e134-c097-4c31-b2cc-7057d22983ff"}
{"timestamp_ms":1768459026619,"event":"player_join","player_id":29,"connection_id":"5c462838-b8c6-470d-8392-9667ed9cb682"}
{"timestamp_ms":1768459026786,"event":"player_leave","player_id":29,"connection_id":"5c462838-b8c6-470d-8392-9667ed9cb682"}
{"timestamp_ms":1768459027141,"event":"player_join","player_id":30,"connection_id":"77dc34f9-77b2-4b15-9560-e139bb69bc3d"}
{"timestamp_ms":1768459027353,"event":"player_leave","player_id":30,"connection_id":"77dc34f9-77b2-4b15-9560-e139bb69bc3d"}
{"timestamp_ms":1768459027720,"event":"player_join","player_id":31,"connection_id":"a8c47f21-6962-483f-974e-5839fb038b2f"}
{"timestamp_ms":1768459027912,"event":"player_leave","player_id":31,"connection_id":"a8c47f21-6962-483f-974e-5839fb038b2f"}
{"timestamp_ms":1768459028276,"event":"player_join","player_id":32,"connection_id":"43872779-484e-4342-9538-748063d68e11"}
{"timestamp_ms":1768459028459,"event":"player_leave","player_id":32,"connection_id":"43872779-484e-4342-9538-748063d68e11"}
{"timestamp_ms":1768459028834,"event":"player_join","player_id":33,"connection_id":"8af51b52-435e-4744-a1f2-a8ed922ac780"}
{"timestamp_ms":1768459029018,"event":"player_leave","player_id":33,"connection_id":"8af51b52-435e-4744-a1f2-a8ed922ac780"}
{"timestamp_ms":1768459029373,"event":"player_join","player_id":34,"connection_id":"5a1070ef-8ffe-47d6-8c24-151d5dad9173"}
{"timestamp_ms":1768459029581,"event":"player_leave","player_id":34,"connection_id":"5a1070ef-8ffe-47d6-8c24-151d5dad9173"}
{"timestamp_ms":1768459029936,"event":"player_join","player_id":35,"connection_id":"194253ff-b61f-4108-9674-98ff196371e1"}
{"timestamp_ms":1768459030150,"event":"player_leave","player_id":35,"connection_id":"194253ff-b61f-4108-9674-98ff196371e1"}
{"timestamp_ms":1768459030515,"event":"player_join","player_id":36,"connection_id":"b5d86340-dc82-4e61-8aa7-5c8f82b914ad"}
{"timestamp_ms":1768459030713,"event":"player_leave","player_id":36,"connection_id":"b5d86340-dc82-4e61-8aa7-5c8f82b914ad"}
{"timestamp_ms":1768459031074,"event":"player_join","player_id":37,"connection_id":"73706aed-ec60-4576-a4ab-39759edf1fd5"}
{"timestamp_ms":1768459031258,"event":"player_leave","player_id":37,"connection_id":"73706aed-ec60-4576-a4ab-39759edf1fd5"}
{"timestamp_ms":1768459031618,"event":"player_join","player_id":38,"connection_id":"72792344-1e9b-4566-af3a-af446041c339"}
{"timestamp_ms":1768459031816,"event":"player_leave","player_id":38,"connection_id":"72792344-1e9b-4566-af3a-af446041c339"}
{"timestamp_ms":1768459032176,"event":"player_join","player_id":39,"connection_id":"22c0e9a3-4490-4f5f-8413-468ec8d6c1fe"}
{"timestamp_ms":1768459032376,"event":"player_leave","player_id":39,"connection_id":"22c0e9a3-4490-4f5f-8413-468ec8d6c1fe"}
{"timestamp_ms":1768459032732,"event":"player_join","player_id":40,"connection_id":"58f41e77-a915-47f4-897c-08ce2d580861"}
{"timestamp_ms":1768459032933,"event":"player_leave","player_id":40,"connection_id":"58f41e77-a915-47f4-897c-08ce2d580861"}
{"timestamp_ms":1768459033280,"event":"player_join","player_id":41,"connection_id":"eefc03f9-dd05-440e-9384-f4eb29120c3f"}
{"timestamp_ms":1768459033484,"event":"player_leave","player_id":41,"connection_id":"eefc03f9-dd05-440e-9384-f4eb29120c3f"}
{"timestamp_ms":1768459033847,"event":"player_join","player_id":42,"connection_id":"e135ba3d-87c8-4209-b189-3fa4c9bb122b"}
{"timestamp_ms":1768459034066,"event":"player_leave","player_id":42,"connection_id":"e135ba3d-87c8-4209-b189-3fa4c9bb122b"}
{"timestamp_ms":1768459034419,"event":"player_join","player_id":43,"connection_id":"1dfee126-0466-42bd-a74d-bcb03643b080"}
{"timestamp_ms":1768459034606,"event":"player_leave","player_id":43,"connection_id":"1dfee126-0466-42bd-a74d-bcb03643b080"}
{"timestamp_ms":1768459034964,"event":"player_join","player_id":44,"connection_id":"99efcd7e-18d0-40c8-bf1b-629b70b83d3c"}
{"timestamp_ms":1768459035161,"event":"player_leave","player_id":44,"connection_id":"99efcd7e-18d0-40c8-bf1b-629b70b83d3c"}
{"timestamp_ms":1768459035506,"event":"player_join","player_id":45,"connection_id":"2156c29b-ced0-44b8-b204-74df224feec7"}
{"timestamp_ms":1768459035719,"event":"player_leave","player_id":45,"connection_id":"2156c29b-ced0-44b8-b204-74df224feec7"}
{"timestamp_ms":1768459036080,"event":"player_join","player_id":46,"connection_id":"20a9def1-e0ef-4aa1-9e0d-c7b7a47b77c4"}
{"timestamp_ms":1768459036277,"event":"player_leave","player_id":46,"connection_id":"20a9def1-e0ef-4aa1-9e0d-c7b7a47b77c4"}
{"timestamp_ms":1768459036650,"event":"player_join","player_id":47,"connection_id":"f7a14c39-1346-4cf4-930e-127d10fb1f56"}
{"timestamp_ms":1768459036851,"event":"player_leave","player_id":47,"connection_id":"f7a14c39-1346-4cf4-930e-127d10fb1f56"}
{"timestamp_ms":1768459037222,"event":"player_join","player_id":48,"connection_id":"fcb9ce4d-5a16-4b02-a44d-8a05a98af6cd"}
{"timestamp_ms":1768459037402,"event":"player_leave","player_id":48,"connection_id":"fcb9ce4d-5a16-4b02-a44d-8a05a98af6cd"}
{"timestamp_ms":1768459037764,"event":"player_join","player_id":49,"connection_id":"788923f9-1f65-4320-b64e-52915f789c9a"}
{"timestamp_ms":1768459037966,"event":"player_leave","player_id":49,"connection_id":"788923f9-1f65-4320-b64e-52915f789c9a"}
{"timestamp_ms":1768459038324,"event":"player_join","player_id":50,"connection_id":"8d46386a-44fd-4d4a-a454-5b6b1ce2fff3"}
{"timestamp_ms":1768459038528,"event":"player_leave","player_id":50,"connection_id":"8d46386a-44fd-4d4a-a454-5b6b1ce2fff3"}
{"timestamp_ms":1768459038900,"event":"player_join","player_id":51,"connection_id":"67c2b013-9c52-4110-a1e0-6effd79f798f"}
{"timestamp_ms":1768459039127,"event":"player_leave","player_id":51,"connection_id":"67c2b013-9c52-4110-a1e0-6effd79f798f"}
{"timestamp_ms":1768459039493,"event":"player_join","player_id":52,"connection_id":"3a4e59ea-d3d8-4f8a-a731-7efafd267482"}
{"timestamp_ms":1768459039662,"event":"player_leave","player_id":52,"connection_id":"3a4e59ea-d3d8-4f8a-a731-7efafd267482"}
{"timestamp_ms":1768459040025,"event":"player_join","player_id":53,"connection_id":"e68e4c8d-f894-4ab8-90c9-0d0d4b7985cb"}
{"timestamp_ms":1768459040222,"event":"player_leave","player_id":53,"connection_id":"e68e4c8d-f894-4ab8-90c9-0d0d4b7985cb"}
{"timestamp_ms":1768459040583,"event":"player_join","player_id":54,"connection_id":"7583bf72-fa6b-4905-8270-28e1c42d9017"}
{"timestamp_ms":1768459040783,"event":"player_leave","player_id":54,"connection_id":"7583bf72-fa6b-4905-8270-28e1c42d9017"}
{"timestamp_ms":1768459041143,"event":"player_join","player_id":55,"connection_id":"c9f3ffde-f15e-4015-8c37-1ae50250c414"}
{"timestamp_ms":1768459041356,"event":"player_leave","player_id":55,"connection_id":"c9f3ffde-f15e-4015-8c37-1ae50250c414"}
{"timestamp_ms":1768459041711,"event":"player_join","player_id":56,"connection_id":"21446c08-5bc0-4c7e-9c33-277794e905cb"}
{"timestamp_ms":1768459041913,"event":"player_leave","player_id":56,"connection_id":"21446c08-5bc0-4c7e-9c33-277794e905cb"}
{"timestamp_ms":1768459042272,"event":"player_join","player_id":57,"connection_id":"b9fd89ce-faf1-4d98-8872-ef1b049d3028"}
{"timestamp_ms":1768459042472,"event":"player_leave","player_id":57,"connection_id":"b9fd89ce-faf1-4d98-8872-ef1b049d3028"}
{"timestamp_ms":1768459042852,"event":"player_join","player_id":58,"connection_id":"f4b418ab-ca11-4395-bc0d-2aeb391a51d6"}
{"timestamp_ms":1768459043024,"event":"player_leave","player_id":58,"connection_id":"f4b418ab-ca11-4395-bc0d-2aeb391a51d6"}
{"timestamp_ms":1768459043396,"event":"player_join","player_id":59,"connection_id":"6347a41a-2ad5-4bc1-8d1f-2f671c398560"}
{"timestamp_ms":1768459043567,"event":"player_leave","player_id":59,"connection_id":"6347a41a-2ad5-4bc1-8d1f-2f671c398560"}
{"timestamp_ms":1768459043934,"event":"player_join","player_id":60,"connection_id":"c9fd07e4-945a-40c9-9421-b1180899b575"}
{"timestamp_ms":1768459044003,"event":"player_leave","player_id":60,"connection_id":"c9fd07e4-945a-40c9-9421-b1180899b575"}
{"timestamp_ms":1768459044370,"event":"player_join","player_id":61,"connection_id":"d823f358-ddfa-497f-b021-1481cf8669ac"}
{"timestamp_ms":1768459044399,"event":"player_leave","player_id":61,"connection_id":"d823f358-ddfa-497f-b021-1481cf8669ac"}
{"timestamp_ms":1768459044760,"event":"player_join","player_id":62,"connection_id":"a188aec3-e407-4f68-ba1b-cd848e83ac73"}
{"timestamp_ms":1768459044808,"event":"player_leave","player_id":62,"connection_id":"a188aec3-e407-4f68-ba1b-cd848e83ac73"}
{"timestamp_ms":1768459045164,"event":"player_join","player_id":63,"connection_id":"c3757d46-4bbe-4e94-bf5d-48c6718790aa"}
{"timestamp_ms":1768459045205,"event":"player_leave","player_id":63,"connection_id":"c3757d46-4bbe-4e94-bf5d-48c6718790aa"}
{"timestamp_ms":1768459045567,"event":"player_join","player_id":64,"connection_id":"6966130c-eb6e-485f-9b42-3da288f7ba99"}
{"timestamp_ms":1768459045608,"event":"player_leave","player_id":64,"connection_id":"6966130c-eb6e-485f-9b42-3da288f7ba99"}
{"timestamp_ms":1768459045957,"event":"player_join","player_id":65,"connection_id":"7ddc9166-35f8-43a1-b3b6-fea26e10345c"}
{"timestamp_ms":1768459046013,"event":"player_leave","player_id":65,"connection_id":"7ddc9166-35f8-43a1-b3b6-fea26e10345c"}
{"timestamp_ms":1768459046362,"event":"player_join","player_id":66,"connection_id":"087158e6-1872-4de2-b70a-848f979fcfc8"}
{"timestamp_ms":1768459046417,"event":"player_leave","player_id":66,"connection_id":"087158e6-1872-4de2-b70a-848f979fcfc8"}
{"timestamp_ms":1768459046778,"event":"player_join","player_id":67,"connection_id":"cfd396a2-f2c7-4cda-884a-5cdd80740074"}
{"timestamp_ms":1768459046824,"event":"player_leave","player_id":67,"connection_id":"cfd396a2-f2c7-4cda-884a-5cdd80740074"}
{"timestamp_ms":1768459047173,"event":"player_join","player_id":68,"connection_id":"759d1d82-162f-4eef-bc3b-3735127b563e"}
{"timestamp_ms":1768459047213,"event":"player_leave","player_id":68,"connection_id":"759d1d82-162f-4eef-bc3b-3735127b563e"}
{"timestamp_ms":1768459047582,"event":"player_join","player_id":69,"connection_id":"822cc651-71ba-49df-aacb-b87fc7be9159"}
{"timestamp_ms":1768459047632,"event":"player_leave","player_id":69,"connection_id":"822cc651-71ba-49df-aacb-b87fc7be9159"}
{"timestamp_ms":1768459047998,"event":"player_join","player_id":70,"connection_id":"efdb1317-a97c-4a92-b6cf-b691eb8291ca"}
{"timestamp_ms":1768459048027,"event":"player_leave","player_id":70,"connection_id":"efdb1317-a97c-4a92-b6cf-b691eb8291ca"}
{"timestamp_ms":1768459048385,"event":"player_join","player_id":71,"connection_id":"ba5ea4dc-1bea-444d-8162-fd3f1979b644"}
{"timestamp_ms":1768459048428,"event":"player_leave","player_id":71,"connection_id":"ba5ea4dc-1bea-444d-8162-fd3f1979b644"}
{"timestamp_ms":1768459048789,"event":"player_join","player_id":72,"connection_id":"9a562048-b06c-47df-a399-21e9ed7a26a4"}
{"timestamp_ms":1768459048844,"event":"player_leave","player_id":72,"connection_id":"9a562048-b06c-47df-a399-21e9ed7a26a4"}
{"timestamp_ms":1768459049207,"event":"player_join","player_id":73,"connection_id":"8aa40f57-9d5a-4579-98f3-2c29865b3e7f"}
{"timestamp_ms":1768459049235,"event":"player_leave","player_id":73,"connection_id":"8aa40f57-9d5a-4579-98f3-2c29865b3e7f"}
{"timestamp_ms":1768459049596,"event":"player_join","player_id":74,"connection_id":"212388e2-58af-42e4-ae64-211ef8b4e8db"}
{"timestamp_ms":1768459049622,"event":"player_leave","player_id":74,"connection_id":"212388e2-58af-42e4-ae64-211ef8b4e8db"}
{"timestamp_ms":1768459049986,"event":"player_join","player_id":75,"connection_id":"4d5e01ec-716a-4ccf-b291-81b2793dcf35"}
{"timestamp_ms":1768459050026,"event":"player_leave","player_id":75,"connection_id":"4d5e01ec-716a-4ccf-b291-81b2793dcf35"}
{"timestamp_ms":1768459050380,"event":"player_join","player_id":76,"connection_id":"980474f2-267f-4785-8900-2a30278ecbc4"}
{"timestamp_ms":1768459050431,"event":"player_leave","player_id":76,"connection_id":"980474f2-267f-4785-8900-2a30278ecbc4"}
{"timestamp_ms":1768459050790,"event":"player_join","player_id":77,"connection_id":"e0525a8d-67ac-44e5-8031-a868946c2060"}
{"timestamp_ms":1768459050817,"event":"player_leave","player_id":77,"connection_id":"e0525a8d-67ac-44e5-8031-a868946c2060"}
{"timestamp_ms":1768459051192,"event":"player_join","player_id":78,"connection_id":"1f6c9a9a-5a3a-4bee-93c7-28934724954d"}
{"timestamp_ms":1768459051216,"event":"player_leave","player_id":78,"connection_id":"1f6c9a9a-5a3a-4bee-93c7-28934724954d"}
{"timestamp_ms":1768459051582,"event":"player_join","player_id":79,"connection_id":"68a8051a-001d-4131-8c8a-37041037ab2e"}
{"timestamp_ms":1768459051624,"event":"player_leave","player_id":79,"connection_id":"68a8051a-001d-4131-8c8a-37041037ab2e"}
{"timestamp_ms":1768459051989,"event":"player_join","player_id":80,"connection_id":"3d223901-4c15-4f9f-9577-c3f008c30cef"}
{"timestamp_ms":1768459052042,"event":"player_leave","player_id":80,"connection_id":"3d223901-4c15-4f9f-9577-c3f008c30cef"}
{"timestamp_ms":1768459052408,"event":"player_join","player_id":81,"connection_id":"f992a225-3dbb-4f1f-9712-8f3b678230b2"}
{"timestamp_ms":1768459052440,"event":"player_leave","player_id":81,"connection_id":"f992a225-3dbb-4f1f-9712-8f3b678230b2"}
{"timestamp_ms":1768459052796,"event":"player_join","player_id":82,"connection_id":"6a1849ce-db7a-4d9e-8aa4-b624810c6f53"}
{"timestamp_ms":1768459052822,"event":"player_leave","player_id":82,"connection_id":"6a1849ce-db7a-4d9e-8aa4-b624810c6f53"}
{"timestamp_ms":1768459053173,"event":"player_join","player_id":83,"connection_id":"6c1d0ce3-fb30-4959-9b54-b1472f9bddf7"}
{"timestamp_ms":1768459053213,"event":"player_leave","player_id":83,"connection_id":"6c1d0ce3-fb30-4959-9b54-b1472f9bddf7"}
{"timestamp_ms":1768459053558,"event":"player_join","player_id":84,"connection_id":"c1c85c77-1333-4d5b-b96a-569869e5648b"}
{"timestamp_ms":1768459053633,"event":"player_leave","player_id":84,"connection_id":"c1c85c77-1333-4d5b-b96a-569869e5648b"}
{"timestamp_ms":1768459053990,"event":"player_join","player_id":85,"connection_id":"3b41aa74-01ec-46df-8fa5-cdd3cd3926cf"}
{"timestamp_ms":1768459054016,"event":"player_leave","player_id":85,"connection_id":"3b41aa74-01ec-46df-8fa5-cdd3cd3926cf"}
{"timestamp_ms":1768459054380,"event":"player_join","player_id":86,"connection_id":"392e2fe4-f431-4939-84a0-d467866d2633"}
{"timestamp_ms":1768459054406,"event":"player_leave","player_id":86,"connection_id":"392e2fe4-f431-4939-84a0-d467866d2633"}
{"timestamp_ms":1768459054756,"event":"player_join","player_id":87,"connection_id":"be255473-e954-4d03-b6c6-875641b8494e"}
{"timestamp_ms":1768459054799,"event":"player_leave","player_id":87,"connection_id":"be255473-e954-4d03-b6c6-875641b8494e"}
{"timestamp_ms":1768459055160,"event":"player_join","player_id":88,"connection_id":"144eec41-dd12-4c75-8a81-30892fb97347"}
{"timestamp_ms":1768459055202,"event":"player_leave","player_id":88,"connection_id":"144eec41-dd12-4c75-8a81-30892fb97347"}
{"timestamp_ms":1768459055553,"event":"player_join","player_id":89,"connection_id":"6eab4f42-9289-41e1-8785-9d2f360629e2"}
{"timestamp_ms":1768459055593,"event":"player_leave","player_id":89,"connection_id":"6eab4f42-9289-41e1-8785-9d2f360629e2"}
{"timestamp_ms":1768459055954,"event":"player_join","player_id":90,"connection_id":"23a10f99-2f50-4bd6-9c68-8378a5fecce2"}
{"timestamp_ms":1768459055993,"event":"player_leave","player_id":90,"connection_id":"23a10f99-2f50-4bd6-9c68-8378a5fecce2"}
{"timestamp_ms":1768459056348,"event":"player_join","player_id":91,"connection_id":"b39084e1-6fcd-44cc-9e7d-1f8dd2e9324a"}
{"timestamp_ms":1768459056399,"event":"player_leave","player_id":91,"connection_id":"b39084e1-6fcd-44cc-9e7d-1f8dd2e9324a"}
{"timestamp_ms":1768459056755,"event":"player_join","player_id":92,"connection_id":"14454e2f-7c29-4ab8-b47c-463132d02f8d"}
{"timestamp_ms":1768459056800,"event":"player_leave","player_id":92,"connection_id":"14454e2f-7c29-4ab8-b47c-463132d02f8d"}
{"timestamp_ms":1768459057161,"event":"player_join","player_id":93,"connection_id":"7223550c-1f3d-4e47-9ec8-a928fd75b985"}
{"timestamp_ms":1768459057203,"event":"player_leave","player_id":93,"connection_id":"7223550c-1f3d-4e47-9ec8-a928fd75b985"}
{"timestamp_ms":1768459057570,"event":"player_join","player_id":94,"connection_id":"48c71830-8b07-47e0-8d15-708059722166"}
{"timestamp_ms":1768459057610,"event":"player_leave","player_id":94,"connection_id":"48c71830-8b07-47e0-8d15-708059722166"}
{"timestamp_ms":1768459057985,"event":"player_join","player_id":95,"connection_id":"e37b2a4c-b0fb-4199-9eb3-8c6d8fba742f"}
{"timestamp_ms":1768459057996,"event":"player_leave","player_id":95,"connection_id":"e37b2a4c-b0fb-4199-9eb3-8c6d8fba742f"}
{"timestamp_ms":1768459058347,"event":"player_join","player_id":96,"connection_id":"6cce905a-bdec-481b-8476-4e7c396f3377"}
{"timestamp_ms":1768459058393,"event":"player_leave","player_id":96,"connection_id":"6cce905a-bdec-481b-8476-4e7c396f3377"}
{"timestamp_ms":1768459058747,"event":"player_join","player_id":97,"connection_id":"8a641426-ac5c-4fed-bbe3-e34ebe10286f"}
{"timestamp_ms":1768459058788,"event":"player_leave","player_id":97,"connection_id":"8a641426-ac5c-4fed-bbe3-e34ebe10286f"}
{"timestamp_ms":1768459059137,"event":"player_join","player_id":98,"connection_id":"62df63c6-c363-4c7e-b69a-3dfd27dfc202"}
{"timestamp_ms":1768459059195,"event":"player_leave","player_id":98,"connection_id":"62df63c6-c363-4c7e-b69a-3dfd27dfc202"}
{"timestamp_ms":1768459059552,"event":"player_join","player_id":99,"connection_id":"c35b3192-da68-46c1-86f3-7dd778ee066d"}
{"timestamp_ms":1768459059601,"event":"player_leave","player_id":99,"connection_id":"c35b3192-da68-46c1-86f3-7dd778ee066d"}
{"timestamp_ms":1768459059957,"event":"player_join","player_id":100,"connection_id":"9593307c-a62c-4f7b-8225-5bc91e4c43c8"}
{"timestamp_ms":1768459059998,"event":"player_leave","player_id":100,"connection_id":"9593307c-a62c-4f7b-8225-5bc91e4c43c8"}
{"timestamp_ms":1768459060352,"event":"player_join","player_id":101,"connection_id":"4feef11a-0339-4a6b-b762-b99e4c23074c"}
{"timestamp_ms":1768459060394,"event":"player_leave","player_id":101,"connection_id":"4feef11a-0339-4a6b-b762-b99e4c23074c"}
{"timestamp_ms":1768459060747,"event":"player_join","player_id":102,"connection_id":"65d6f996-d32a-4c86-9c21-80210c6e7abb"}
{"timestamp_ms":1768459060796,"event":"player_leave","player_id":102,"connection_id":"65d6f996-d32a-4c86-9c21-80210c6e7abb"}
{"timestamp_ms":1768459061155,"event":"player_join","player_id":103,"connection_id":"8a5d669a-9af9-4c1d-b109-c0415170534b"}
{"timestamp_ms":1768459061210,"event":"player_leave","player_id":103,"connection_id":"8a5d669a-9af9-4c1d-b109-c0415170534b"}
{"timestamp_ms":1768459061580,"event":"player_join","player_id":104,"connection_id":"15ac8beb-5b82-4d5b-9633-37c5c8a75f88"}
{"timestamp_ms":1768459061608,"event":"player_leave","player_id":104,"connection_id":"15ac8beb-5b82-4d5b-9633-37c5c8a75f88"}
{"timestamp_ms":1768459061970,"event":"player_join","player_id":105,"connection_id":"d9407622-9230-4ea7-bec7-493e3071b1c8"}
{"timestamp_ms":1768459062011,"event":"player_leave","player_id":105,"connection_id":"d9407622-9230-4ea7-bec7-493e3071b1c8"}
{"timestamp_ms":1768459062377,"event":"player_join","player_id":106,"connection_id":"279a159e-2b5b-44b3-9053-f526857c0b2d"}
{"timestamp_ms":1768459062401,"event":"player_leave","player_id":106,"connection_id":"279a159e-2b5b-44b3-9053-f526857c0b2d"}
{"timestamp_ms":1768459062755,"event":"player_join","player_id":107,"connection_id":"86a38f70-dbab-4292-9c42-fb71165ab9e7"}
{"timestamp_ms":1768459062807,"event":"player_leave","player_id":107,"connection_id":"86a38f70-dbab-4292-9c42-fb71165ab9e7"}
{"timestamp_ms":1768459063159,"event":"player_join","player_id":108,"connection_id":"754b4402-47d3-4a56-af0a-d1437ad0d483"}
{"timestamp_ms":1768459063184,"event":"player_leave","player_id":108,"connection_id":"754b4402-47d3-4a56-af0a-d1437ad0d483"}
{"timestamp_ms":1768459063547,"event":"player_join","player_id":109,"connection_id":"65ebc514-c5f8-4ad3-bca9-107e049ae4cd"}
{"timestamp_ms":1768459063586,"event":"player_leave","player_id":109,"connection_id":"65ebc514-c5f8-4ad3-bca9-107e049ae4cd"}
{"timestamp_ms":1768459063937,"event":"player_join","player_id":110,"connection_id":"d0368a76-f84b-4973-9907-d8d1f7bdfc47"}
{"timestamp_ms":1768459063983,"event":"player_leave","player_id":110,"connection_id":"d0368a76-f84b-4973-9907-d8d1f7bdfc47"}
{"timestamp_ms":1768459064339,"event":"player_join","player_id":111,"connection_id":"1292a808-0c9c-4e2d-b613-4c38f7e477c3"}
{"timestamp_ms":1768459064396,"event":"player_leave","player_id":111,"connection_id":"1292a808-0c9c-4e2d-b613-4c38f7e477c3"}
{"timestamp_ms":1768459064756,"event":"player_join","player_id":112,"connection_id":"0811af0e-31e0-4647-a8d3-9d1c9cf6e41d"}
{"timestamp_ms":1768459064780,"event":"player_leave","player_id":112,"connection_id":"0811af0e-31e0-4647-a8d3-9d1c9cf6e41d"}
{"timestamp_ms":1768459065147,"event":"player_join","player_id":113,"connection_id":"04e05838-d7d2-4e77-84fd-bdd9333e3b90"}
{"timestamp_ms":1768459065174,"event":"player_leave","player_id":113,"connection_id":"04e05838-d7d2-4e77-84fd-bdd9333e3b90"}
{"timestamp_ms":1768459065533,"event":"player_join","player_id":114,"connection_id":"a0a30ac0-bbbd-4be8-8acb-1f952df5754a"}
{"timestamp_ms":1768459065584,"event":"player_leave","player_id":114,"connection_id":"a0a30ac0-bbbd-4be8-8acb-1f952df5754a"}
{"timestamp_ms":1768459065956,"event":"player_join","player_id":115,"connection_id":"4692240f-8248-49ef-8812-7fc1b3babdfd"}
{"timestamp_ms":1768459065981,"event":"player_leave","player_id":115,"connection_id":"4692240f-8248-49ef-8812-7fc1b3babdfd"}
{"timestamp_ms":1768459066344,"event":"player_join","player_id":116,"connection_id":"f1b1ce15-31fc-4d7b-b0ae-4f51d28600c3"}
{"timestamp_ms":1768459066392,"event":"player_leave","player_id":116,"connection_id":"f1b1ce15-31fc-4d7b-b0ae-4f51d28600c3"}
{"timestamp_ms":1768459066752,"event":"player_join","player_id":117,"connection_id":"dfa9822a-05fa-4389-9a30-9fb89c989896"}
{"timestamp_ms":1768459066779,"event":"player_leave","player_id":117,"connection_id":"dfa9822a-05fa-4389-9a30-9fb89c989896"}
{"timestamp_ms":1768459067147,"event":"player_join","player_id":118,"connection_id":"467a6d6f-3a75-4df4-b64d-eb08d313a4b6"}
{"timestamp_ms":1768459067189,"event":"player_leave","player_id":118,"connection_id":"467a6d6f-3a75-4df4-b64d-eb08d313a4b6"}
{"timestamp_ms":1768459067563,"event":"player_join","player_id":119,"connection_id":"d1ea6905-ecde-4286-b4ea-94cd406c0f06"}
{"timestamp_ms":1768459067588,"event":"player_leave","player_id":119,"connection_id":"d1ea6905-ecde-4286-b4ea-94cd406c0f06"}
{"timestamp_ms":1768459067948,"event":"player_join","player_id":120,"connection_id":"a681dfd5-ebb4-4988-a16f-a07744e7bb79"}
{"timestamp_ms":1768459067994,"event":"player_leave","player_id":120,"connection_id":"a681dfd5-ebb4-4988-a16f-a07744e7bb79"}
{"timestamp_ms":1768459068366,"event":"player_join","player_id":121,"connection_id":"8efa05d0-b7fc-4d3d-9b45-da556170ddc0"}
{"timestamp_ms":1768459068397,"event":"player_leave","player_id":121,"connection_id":"8efa05d0-b7fc-4d3d-9b45-da556170ddc0"}
{"timestamp_ms":1768459068756,"event":"player_join","player_id":122,"connection_id":"e1f5a5c3-26c4-4594-a861-317f00ab10fe"}
{"timestamp_ms":1768459068796,"event":"player_leave","player_id":122,"connection_id":"e1f5a5c3-26c4-4594-a861-317f00ab10fe"}
{"timestamp_ms":1768459069156,"event":"player_join","player_id":123,"connection_id":"107ac240-c618-4576-baef-8e554d227bd1"}
{"timestamp_ms":1768459069200,"event":"player_leave","player_id":123,"connection_id":"107ac240-c618-4576-baef-8e554d227bd1"}
{"timestamp_ms":1768459069561,"event":"player_join","player_id":124,"connection_id":"a2eb2201-b5f5-4e9a-8218-74f6cfa3876e"}
{"timestamp_ms":1768459069609,"event":"player_leave","player_id":124,"connection_id":"a2eb2201-b5f5-4e9a-8218-74f6cfa3876e"}
{"timestamp_ms":1768459069975,"event":"player_join","player_id":125,"connection_id":"e9328a2a-1d36-4cf3-bb56-f31a673f6b32"}
{"timestamp_ms":1768459070002,"event":"player_leave","player_id":125,"connection_id":"e9328a2a-1d36-4cf3-bb56-f31a673f6b32"}
{"timestamp_ms":1768459070366,"event":"player_join","player_id":126,"connection_id":"3182e259-5596-48cd-b472-ba3bfd780c27"}
{"timestamp_ms":1768459070406,"event":"player_leave","player_id":126,"connection_id":"3182e259-5596-48cd-b472-ba3bfd780c27"}
{"timestamp_ms":1768459070787,"event":"player_join","player_id":127,"connection_id":"c13a3494-9758-4370-97fc-f87d9f082270"}
{"timestamp_ms":1768459070833,"event":"player_leave","player_id":127,"connection_id":"c13a3494-9758-4370-97fc-f87d9f082270"}
{"timestamp_ms":1768459071210,"event":"player_join","player_id":128,"connection_id":"ee162439-b300-4ec6-816a-6a66a13f591a"}
{"timestamp_ms":1768459071228,"event":"player_leave","player_id":128,"connection_id":"ee162439-b300-4ec6-816a-6a66a13f591a"}
{"timestamp_ms":1768459071584,"event":"player_join","player_id":129,"connection_id":"5b65b893-0ac9-42d0-b291-99a62418f063"}
{"timestamp_ms":1768459071624,"event":"player_leave","player_id":129,"connection_id":"5b65b893-0ac9-42d0-b291-99a62418f063"}
{"timestamp_ms":1768459071999,"event":"player_join","player_id":130,"connection_id":"82e1d490-dd5f-4880-833d-590c71cc9b14"}
{"timestamp_ms":1768459072025,"event":"player_leave","player_id":130,"connection_id":"82e1d490-dd5f-4880-833d-590c71cc9b14"}
{"timestamp_ms":1768459072375,"event":"player_join","player_id":131,"connection_id":"6ff185d8-9f3e-47e5-8696-1b8da310eafc"}
{"timestamp_ms":1768459072435,"event":"player_leave","player_id":131,"connection_id":"6ff185d8-9f3e-47e5-8696-1b8da310eafc"}
{"timestamp_ms":1768459072798,"event":"player_join","player_id":132,"connection_id":"6a4c0dca-837f-411c-af47-a948cbcd335a"}
{"timestamp_ms":1768459072838,"event":"player_leave","player_id":132,"connection_id":"6a4c0dca-837f-411c-af47-a948cbcd335a"}
{"timestamp_ms":1768459073197,"event":"player_join","player_id":133,"connection_id":"8951a9d9-fbd3-417e-845f-48d5d447cf27"}
{"timestamp_ms":1768459073242,"event":"player_leave","player_id":133,"connection_id":"8951a9d9-fbd3-417e-845f-48d5d447cf27"}
{"timestamp_ms":1768459073587,"event":"player_join","player_id":134,"connection_id":"11369c7e-da93-42af-8ea1-82088a05ecec"}
{"timestamp_ms":1768459073642,"event":"player_leave","player_id":134,"connection_id":"11369c7e-da93-42af-8ea1-82088a05ecec"}
{"timestamp_ms":1768459074002,"event":"player_join","player_id":135,"connection_id":"92dd00be-7c91-4e68-a99b-de060410e63f"}
{"timestamp_ms":1768459074043,"event":"player_leave","player_id":135,"connection_id":"92dd00be-7c91-4e68-a99b-de060410e63f"}
{"timestamp_ms":1768459074407,"event":"player_join","player_id":136,"connection_id":"e8482375-597f-4c38-bc06-a29cc400554b"}
{"timestamp_ms":1768459074434,"event":"player_leave","player_id":136,"connection_id":"e8482375-597f-4c38-bc06-a29cc400554b"}
{"timestamp_ms":1768459074796,"event":"player_join","player_id":137,"connection_id":"3855ae65-cd02-49b7-a9bd-73023ac19919"}
{"timestamp_ms":1768459074829,"event":"player_leave","player_id":137,"connection_id":"3855ae65-cd02-49b7-a9bd-73023ac19919"}
{"timestamp_ms":1768459075194,"event":"player_join","player_id":138,"connection_id":"b00c46fb-1e68-4532-a021-ea1390e58035"}
{"timestamp_ms":1768459075221,"event":"player_leave","player_id":138,"connection_id":"b00c46fb-1e68-4532-a021-ea1390e58035"}
{"timestamp_ms":1768459075589,"event":"player_join","player_id":139,"connection_id":"2c513131-6df6-49f7-a60d-e28e17d5579c"}
{"timestamp_ms":1768459075621,"event":"player_leave","player_id":139,"connection_id":"2c513131-6df6-49f7-a60d-e28e17d5579c"}
{"timestamp_ms":1768459075981,"event":"player_join","player_id":140,"connection_id":"1942e8ae-0287-436f-8c27-0c56f78c93fb"}
{"timestamp_ms":1768459076025,"event":"player_leave","player_id":140,"connection_id":"1942e8ae-0287-436f-8c27-0c56f78c93fb"}
{"timestamp_ms":1768459076386,"event":"player_join","player_id":141,"connection_id":"5eec021e-43ec-4c28-86da-5c2271a664d9"}
{"timestamp_ms":1768459076425,"event":"player_leave","player_id":141,"connection_id":"5eec021e-43ec-4c28-86da-5c2271a664d9"}
{"timestamp_ms":1768459076787,"event":"player_join","player_id":142,"connection_id":"a09ca7e7-3bd1-4cc2-abe9-85be12923f37"}
{"timestamp_ms":1768459076829,"event":"player_leave","player_id":142,"connection_id":"a09ca7e7-3bd1-4cc2-abe9-85be12923f37"}
{"timestamp_ms":1768459077177,"event":"player_join","player_id":143,"connection_id":"42117f16-3f37-4735-b3fa-2a75e01515fc"}
{"timestamp_ms":1768459077235,"event":"player_leave","player_id":143,"connection_id":"42117f16-3f37-4735-b3fa-2a75e01515fc"}
{"timestamp_ms":1768459077592,"event":"player_join","player_id":144,"connection_id":"2b49e347-fd21-4dfb-8d53-a11471c5a30c"}
{"timestamp_ms":1768459077636,"event":"player_leave","player_id":144,"connection_id":"2b49e347-fd21-4dfb-8d53-a11471c5a30c"}
{"timestamp_ms":1768459077996,"event":"player_join","player_id":145,"connection_id":"109a6e64-3442-4c8f-a41d-c798efe6da86"}
{"timestamp_ms":1768459078038,"event":"player_leave","player_id":145,"connection_id":"109a6e64-3442-4c8f-a41d-c798efe6da86"}
{"timestamp_ms":1768459078395,"event":"player_join","player_id":146,"connection_id":"83d2fc5b-7068-4e53-ab96-8449f18990e4"}
{"timestamp_ms":1768459078442,"event":"player_leave","player_id":146,"connection_id":"83d2fc5b-7068-4e53-ab96-8449f18990e4"}
{"timestamp_ms":1768459078802,"event":"player_join","player_id":147,"connection_id":"50ef4d3d-a0f5-4618-8345-d08db81cc9c7"}
{"timestamp_ms":1768459078845,"event":"player_leave","player_id":147,"connection_id":"50ef4d3d-a0f5-4618-8345-d08db81cc9c7"}
{"timestamp_ms":1768459079208,"event":"player_join","player_id":148,"connection_id":"fd421535-214d-4cbd-9af4-c4f9bd728ffb"}
{"timestamp_ms":1768459079251,"event":"player_leave","player_id":148,"connection_id":"fd421535-214d-4cbd-9af4-c4f9bd728ffb"}
{"timestamp_ms":1768459079600,"event":"player_join","player_id":149,"connection_id":"e4214a8e-bdac-4149-a615-434bdd4db2a4"}
{"timestamp_ms":1768459079649,"event":"player_leave","player_id":149,"connection_id":"e4214a8e-bdac-4149-a615-434bdd4db2a4"}
{"timestamp_ms":1768459080020,"event":"player_join","player_id":150,"connection_id":"18731c8e-dcbf-4f80-ae2e-326966159ace"}
{"timestamp_ms":1768459080048,"event":"player_leave","player_id":150,"connection_id":"18731c8e-dcbf-4f80-ae2e-326966159ace"}
{"timestamp_ms":1768459080403,"event":"player_join","player_id":151,"connection_id":"d642d71a-acdd-4d4c-9df6-8d699fae4d97"}
{"timestamp_ms":1768459080448,"event":"player_leave","player_id":151,"connection_id":"d642d71a-acdd-4d4c-9df6-8d699fae4d97"}
{"timestamp_ms":1768459080807,"event":"player_join","player_id":152,"connection_id":"5b2ae8a8-edf3-4fd8-ace9-c57289f376b3"}
{"timestamp_ms":1768459080859,"event":"player_leave","player_id":152,"connection_id":"5b2ae8a8-edf3-4fd8-ace9-c57289f376b3"}
{"timestamp_ms":1768459081225,"event":"player_join","player_id":153,"connection_id":"8781469f-9cfb-48fb-ba3d-62f1c75ba8d8"}
{"timestamp_ms":1768459081250,"event":"player_leave","player_id":153,"connection_id":"8781469f-9cfb-48fb-ba3d-62f1c75ba8d8"}
{"timestamp_ms":1768459081597,"event":"player_join","player_id":154,"connection_id":"daf45b51-bf14-4efc-9f35-ecc3dbb18b32"}
{"timestamp_ms":1768459081660,"event":"player_leave","player_id":154,"connection_id":"daf45b51-bf14-4efc-9f35-ecc3dbb18b32"}
{"timestamp_ms":1768459082016,"event":"player_join","player_id":155,"connection_id":"2bc62a24-53b0-4559-a2a1-d7dc7d2a9100"}
{"timestamp_ms":1768459082073,"event":"player_leave","player_id":155,"connection_id":"2bc62a24-53b0-4559-a2a1-d7dc7d2a9100"}
{"timestamp_ms":1768459082439,"event":"player_join","player_id":156,"connection_id":"e4ae4918-1511-472b-a2b5-5394907d3544"}
{"timestamp_ms":1768459082494,"event":"player_leave","player_id":156,"connection_id":"e4ae4918-1511-472b-a2b5-5394907d3544"}
{"timestamp_ms":1768459082856,"event":"player_join","player_id":157,"connection_id":"965538ad-7286-40b1-82df-6309564b1b50"}
{"timestamp_ms":1768459082916,"event":"player_leave","player_id":157,"connection_id":"965538ad-7286-40b1-82df-6309564b1b50"}
{"timestamp_ms":1768459083280,"event":"player_join","player_id":158,"connection_id":"620caff1-071a-400b-b089-af9a10d5f245"}
{"timestamp_ms":1768459083327,"event":"player_leave","player_id":158,"connection_id":"620caff1-071a-400b-b089-af9a10d5f245"}
{"timestamp_ms":1768459083685,"event":"player_join","player_id":159,"connection_id":"808df7c2-ba07-4ce6-80aa-d2a1b776ad93"}
{"timestamp_ms":1768459083716,"event":"player_leave","player_id":159,"connection_id":"808df7c2-ba07-4ce6-80aa-d2a1b776ad93"}
{"timestamp_ms":1768459084085,"event":"player_join","player_id":160,"connection_id":"88f4eeaf-a7b0-4467-a497-a997820309db"}
{"timestamp_ms":1768459084129,"event":"player_leave","player_id":160,"connection_id":"88f4eeaf-a7b0-4467-a497-a997820309db"}
{"timestamp_ms":1768459084489,"event":"player_join","player_id":161,"connection_id":"efc3702d-f014-418d-b510-3b300d21c668"}
{"timestamp_ms":1768459084517,"event":"player_leave","player_id":161,"connection_id":"efc3702d-f014-418d-b510-3b300d21c668"}
{"timestamp_ms":1768459084878,"event":"player_join","player_id":162,"connection_id":"cb5d59c7-2b0e-40b9-a54d-5db6117b1055"}
{"timestamp_ms":1768459084932,"event":"player_leave","player_id":162,"connection_id":"cb5d59c7-2b0e-40b9-a54d-5db6117b1055"}
{"timestamp_ms":1768459085284,"event":"player_join","player_id":163,"connection_id":"e02602de-8c51-4337-b794-9adf4a9b493e"}
{"timestamp_ms":1768459085316,"event":"player_leave","player_id":163,"connection_id":"e02602de-8c51-4337-b794-9adf4a9b493e"}
{"timestamp_ms":1768459085667,"event":"player_join","player_id":164,"connection_id":"42b8dc29-6424-41cc-bcf5-ff260bd0637f"}
{"timestamp_ms":1768459085722,"event":"player_leave","player_id":164,"connection_id":"42b8dc29-6424-41cc-bcf5-ff260bd0637f"}
{"timestamp_ms":1768459086070,"event":"player_join","player_id":165,"connection_id":"f8f86abe-09fb-4514-8a7a-fa9af6a2bdaa"}
{"timestamp_ms":1768459086120,"event":"player_leave","player_id":165,"connection_id":"f8f86abe-09fb-4514-8a7a-fa9af6a2bdaa"}
{"timestamp_ms":1768459086475,"event":"player_join","player_id":166,"connection_id":"d1f6a1b9-b567-4475-8c0f-8b42cbe08cda"}
{"timestamp_ms":1768459086529,"event":"player_leave","player_id":166,"connection_id":"d1f6a1b9-b567-4475-8c0f-8b42cbe08cda"}
{"timestamp_ms":1768459086880,"event":"player_join","player_id":167,"connection_id":"bf721245-fbe5-432c-b7c1-6483e6ee8724"}
{"timestamp_ms":1768459086928,"event":"player_leave","player_id":167,"connection_id":"bf721245-fbe5-432c-b7c1-6483e6ee8724"}
{"timestamp_ms":1768459087286,"event":"player_join","player_id":168,"connection_id":"cdd64a8a-7dd2-4831-b16d-a46f0f8befe8"}
{"timestamp_ms":1768459087320,"event":"player_leave","player_id":168,"connection_id":"cdd64a8a-7dd2-4831-b16d-a46f0f8befe8"}
{"timestamp_ms":1768459087670,"event":"player_join","player_id":169,"connection_id":"2389c723-738c-4a00-9e51-9c961274472b"}
{"timestamp_ms":1768459087713,"event":"player_leave","player_id":169,"connection_id":"2389c723-738c-4a00-9e51-9c961274472b"}
{"timestamp_ms":1768459088078,"event":"player_join","player_id":170,"connection_id":"c46f9241-3e4b-4180-a36c-2af8af3a64f5"}
{"timestamp_ms":1768459088129,"event":"player_leave","player_id":170,"connection_id":"c46f9241-3e4b-4180-a36c-2af8af3a64f5"}
{"timestamp_ms":1768459088480,"event":"player_join","player_id":171,"connection_id":"211246ea-9cfc-4d95-854f-740d430b06a4"}
{"timestamp_ms":1768459088524,"event":"player_leave","player_id":171,"connection_id":"211246ea-9cfc-4d95-854f-740d430b06a4"}
{"timestamp_ms":1768459088873,"event":"player_join","player_id":172,"connection_id":"4bf47c7b-11b7-4c36-a621-9b021b8577d1"}
{"timestamp_ms":1768459088914,"event":"player_leave","player_id":172,"connection_id":"4bf47c7b-11b7-4c36-a621-9b021b8577d1"}
{"timestamp_ms":1768459089265,"event":"player_join","player_id":173,"connection_id":"3a921d83-6fa6-4f0a-9732-b56b9a7c3f87"}
{"timestamp_ms":1768459089323,"event":"player_leave","player_id":173,"connection_id":"3a921d83-6fa6-4f0a-9732-b56b9a7c3f87"}
{"timestamp_ms":1768459089691,"event":"player_join","player_id":174,"connection_id":"08e36f01-0574-467c-9c28-4416ff1e5e41"}
{"timestamp_ms":1768459089703,"event":"player_leave","player_id":174,"connection_id":"08e36f01-0574-467c-9c28-4416ff1e5e41"}
{"timestamp_ms":1768459090068,"event":"player_join","player_id":175,"connection_id":"92a14747-d82d-41b3-a987-591f3c54ee64"}
{"timestamp_ms":1768459090094,"event":"player_leave","player_id":175,"connection_id":"92a14747-d82d-41b3-a987-591f3c54ee64"}
{"timestamp_ms":1768459090441,"event":"player_join","player_id":176,"connection_id":"205d696a-d5af-44eb-8d46-b05363729dff"}
{"timestamp_ms":1768459090515,"event":"player_leave","player_id":176,"connection_id":"205d696a-d5af-44eb-8d46-b05363729dff"}
{"timestamp_ms":1768459090867,"event":"player_join","player_id":177,"connection_id":"e250de7b-8f61-4b2d-a834-26200548d3e4"}
{"timestamp_ms":1768459090908,"event":"player_leave","player_id":177,"connection_id":"e250de7b-8f61-4b2d-a834-26200548d3e4"}
{"timestamp_ms":1768459091260,"event":"player_join","player_id":178,"connection_id":"c4fe14ea-1b61-4491-a0a4-667743991a18"}
{"timestamp_ms":1768459091320,"event":"player_leave","player_id":178,"connection_id":"c4fe14ea-1b61-4491-a0a4-667743991a18"}
{"timestamp_ms":1768459091683,"event":"player_join","player_id":179,"connection_id":"e2d84437-c97d-48f2-9f8e-62968c3013e1"}
{"timestamp_ms":1768459091727,"event":"player_leave","player_id":179,"connection_id":"e2d84437-c97d-48f2-9f8e-62968c3013e1"}
{"timestamp_ms":1768459092090,"event":"player_join","player_id":180,"connection_id":"6d01095f-9ff3-42ce-b6b4-00a51443583c"}
{"timestamp_ms":1768459092133,"event":"player_leave","player_id":180,"connection_id":"6d01095f-9ff3-42ce-b6b4-00a51443583c"}
{"timestamp_ms":1768459092495,"event":"player_join","player_id":181,"connection_id":"e5b27a62-d281-402a-9247-cc8326c69084"}
{"timestamp_ms":1768459092538,"event":"player_leave","player_id":181,"connection_id":"e5b27a62-d281-402a-9247-cc8326c69084"}
{"timestamp_ms":1768459092903,"event":"player_join","player_id":182,"connection_id":"52e6a424-7ae6-4664-b5a1-36e88bad8aee"}
{"timestamp_ms":1768459092946,"event":"player_leave","player_id":182,"connection_id":"52e6a424-7ae6-4664-b5a1-36e88bad8aee"}
{"timestamp_ms":1768459093313,"event":"player_join","player_id":183,"connection_id":"d15bddb1-298c-404d-8cae-8b0371bbdf4c"}
{"timestamp_ms":1768459093340,"event":"player_leave","player_id":183,"connection_id":"d15bddb1-298c-404d-8cae-8b0371bbdf4c"}
{"timestamp_ms":1768459093705,"event":"player_join","player_id":184,"connection_id":"c02f12ed-456e-41d8-a013-a893a6057e58"}
{"timestamp_ms":1768459093762,"event":"player_leave","player_id":184,"connection_id":"c02f12ed-456e-41d8-a013-a893a6057e58"}
{"timestamp_ms":1768459094130,"event":"player_join","player_id":185,"connection_id":"e5eb781b-5aee-4b93-bbff-c3da0f2fa082"}
{"timestamp_ms":1768459094145,"event":"player_leave","player_id":185,"connection_id":"e5eb781b-5aee-4b93-bbff-c3da0f2fa082"}
{"timestamp_ms":1768459094511,"event":"player_join","player_id":186,"connection_id":"50b25c41-1f9b-4f41-b2c9-90979b775e7b"}
{"timestamp_ms":1768459094554,"event":"player_leave","player_id":186,"connection_id":"50b25c41-1f9b-4f41-b2c9-90979b775e7b"}
{"timestamp_ms":1768459094919,"event":"player_join","player_id":187,"connection_id":"cea048d2-d271-4f6d-b971-4b19e56f2e68"}
{"timestamp_ms":1768459094958,"event":"player_leave","player_id":187,"connection_id":"cea048d2-d271-4f6d-b971-4b19e56f2e68"}
{"timestamp_ms":1768459095313,"event":"player_join","player_id":188,"connection_id":"9cb0476f-38cc-4f3f-856c-d8df3b3157a6"}
{"timestamp_ms":1768459095371,"event":"player_leave","player_id":188,"connection_id":"9cb0476f-38cc-4f3f-856c-d8df3b3157a6"}
{"timestamp_ms":1768459095739,"event":"player_join","player_id":189,"connection_id":"b4dfaf90-857c-46c2-a707-375320d19b59"}
{"timestamp_ms":1768459095768,"event":"player_leave","player_id":189,"connection_id":"b4dfaf90-857c-46c2-a707-375320d19b59"}
{"timestamp_ms":1768459096127,"event":"player_join","player_id":190,"connection_id":"bb7eb264-3a79-4fc9-849f-99f2cd021312"}
{"timestamp_ms":1768459096172,"event":"player_leave","player_id":190,"connection_id":"bb7eb264-3a79-4fc9-849f-99f2cd021312"}
{"timestamp_ms":1768459096526,"event":"player_join","player_id":191,"connection_id":"55b449c6-bfb2-43ad-80e1-fead7fc31d8b"}
{"timestamp_ms":1768459096580,"event":"player_leave","player_id":191,"connection_id":"55b449c6-bfb2-43ad-80e1-fead7fc31d8b"}
{"timestamp_ms":1768459102334,"event":"player_join","player_id":1,"connection_id":"dd2669c9-79fb-407c-8dd2-2a4272a5847c"}
{"timestamp_ms":1768459111894,"event":"player_leave","player_id":1,"connection_id":"dd2669c9-79fb-407c-8dd2-2a4272a5847c"}
{"timestamp_ms":1768459112253,"event":"player_join","player_id":2,"connection_id":"a490a669-5bbd-44cb-b5b1-a7fa0f97ad93"}
{"timestamp_ms":1768459114029,"event":"direction_change","player_id":2,"direction":"North"}
{"timestamp_ms":1768459114691,"event":"direction_change","player_id":2,"direction":"West"}
{"timestamp_ms":1768459116112,"event":"direction_change","player_id":2,"direction":"South"}
{"timestamp_ms":1768459116572,"event":"direction_change","player_id":2,"direction":"West"}
{"timestamp_ms":1768459117017,"event":"direction_change","player_id":2,"direction":"South"}
{"timestamp_ms":1768459118015,"event":"direction_change","player_id":2,"direction":"East"}
{"timestamp_ms":1768459118238,"event":"direction_change","player_id":2,"direction":"West"}
{"timestamp_ms":1768459118576,"event":"direction_change","player_id":2,"direction":"South"}
{"timestamp_ms":1768459119155,"event":"direction_change","player_id":2,"direction":"West"}
{"timestamp_ms":1768459119909,"event":"direction_change","player_id":2,"direction":"South"}
{"timestamp_ms":1768459120562,"event":"direction_change","player_id":2,"direction":"East"}
{"timestamp_ms":1768459122310,"event":"direction_change","player_id":2,"direction":"South"}
{"timestamp_ms":1768459122887,"event":"food_eaten","player_id":2,"food_id":1,"location":{"x":490,"y":310}}
{"timestamp_ms":1768459123013,"event":"direction_change","player_id":2,"direction":"West"}
{"timestamp_ms":1768459124229,"event":"direction_change","player_id":2,"direction":"North"}
{"timestamp_ms":1768459125611,"event":"direction_change","player_id":2,"direction":"West"}
{"timestamp_ms":1768459125679,"event":"food_eaten","player_id":2,"food_id":0,"location":{"x":360,"y":180}}
{"timestamp_ms":1768459127333,"event":"direction_change","player_id":2,"direction":"North"}
{"timestamp_ms":1768459128285,"event":"food_eaten","player_id":2,"food_id":3,"location":{"x":200,"y":80}}
{"timestamp_ms":1768459128523,"event":"direction_change","player_id":2,"direction":"East"}
{"timestamp_ms":1768459130184,"event":"food_eaten","player_id":2,"food_id":2,"location":{"x":370,"y":60}}
{"timestamp_ms":1768459130286,"event":"direction_change","player_id":2,"direction":"South"}
{"timestamp_ms":1768459131437,"event":"direction_change","player_id":2,"direction":"West"}
{"timestamp_ms":1768459131578,"event":"food_eaten","player_id":2,"food_id":1,"location":{"x":360,"y":170}}
{"timestamp_ms":1768459132025,"event":"direction_change","player_id":2,"direction":"South"}
{"timestamp_ms":1768459132890,"event":"food_eaten","player_id":2,"food_id":4,"location":{"x":320,"y":260}}
{"timestamp_ms":1768459133060,"event":"direction_change","player_id":2,"direction":"East"}
{"timestamp_ms":1768459133592,"event":"direction_change","player_id":2,"direction":"South"}
{"timestamp_ms":1768459135123,"event":"direction_change","player_id":2,"direction":"East"}
{"timestamp_ms":1768459135745,"event":"direction_change","player_id":2,"direction":"South"}
{"timestamp_ms":1768459135781,"event":"food_eaten","player_id":2,"food_id":0,"location":{"x":440,"y":430}}
{"timestamp_ms":1768459136166,"event":"direction_change","player_id":2,"direction":"West"}
{"timestamp_ms":1768459210475,"event":"player_leave","player_id":2,"connection_id":"a490a669-5bbd-44cb-b5b1-a7fa0f97ad93"}
{"timestamp_ms":1768459210838,"event":"player_join","player_id":3,"connection_id":"413a40ce-c9b0-484e-82a3-fc0cb43f3eed"}
{"timestamp_ms":1768459210848,"event":"player_leave","player_id":3,"connection_id":"413a40ce-c9b0-484e-82a3-fc0cb43f3eed"}
{"timestamp_ms":1768459211223,"event":"player_join","player_id":4,"connection_id":"bcccb45a-7377-4a7b-8821-93bc49d97345"}
{"timestamp_ms":1768459211418,"event":"player_leave","player_id":4,"connection_id":"bcccb45a-7377-4a7b-8821-93bc49d97345"}
{"timestamp_ms":1768459211780,"event":"player_join","player_id":5,"connection_id":"b6c448c6-68f4-4286-8c2b-b9aefd34f4ef"}
{"timestamp_ms":1768459211986,"event":"player_leave","player_id":5,"connection_id":"b6c448c6-68f4-4286-8c2b-b9aefd34f4ef"}
{"timestamp_ms":1768459212353,"event":"player_join","player_id":6,"connection_id":"ab83b92a-c2ef-4844-a008-13bd50200fd4"}
{"timestamp_ms":1768459212537,"event":"player_leave","player_id":6,"connection_id":"ab83b92a-c2ef-4844-a008-13bd50200fd4"}
{"timestamp_ms":1768459212910,"event":"player_join","player_id":7,"connection_id":"89cccd9a-7335-487b-b003-b9293f25662e"}
{"timestamp_ms":1768459213095,"event":"player_leave","player_id":7,"connection_id":"89cccd9a-7335-487b-b003-b9293f25662e"}
{"timestamp_ms":1768459213467,"event":"player_join","player_id":8,"connection_id":"855fd882-31a9-4412-80bb-2641c12da16e"}
{"timestamp_ms":1768459213647,"event":"player_leave","player_id":8,"connection_id":"855fd882-31a9-4412-80bb-2641c12da16e"}
{"timestamp_ms":1768459214012,"event":"player_join","player_id":9,"connection_id":"58f92470-fb9f-493e-9adb-d227bc7fc502"}
{"timestamp_ms":1768459214199,"event":"player_leave","player_id":9,"connection_id":"58f92470-fb9f-493e-9adb-d227bc7fc502"}
{"timestamp_ms":1768459214556,"event":"player_join","player_id":10,"connection_id":"0d515dec-bf21-4d48-883a-bb19985d5fbe"}
{"timestamp_ms":1768459214769,"event":"player_leave","player_id":10,"connection_id":"0d515dec-bf21-4d48-883a-bb19985d5fbe"}
{"timestamp_ms":1768459215130,"event":"player_join","player_id":11,"connection_id":"9a85c13d-fab6-4c61-b0c9-7c49e62c7670"}
{"timestamp_ms":1768459215341,"event":"player_leave","player_id":11,"connection_id":"9a85c13d-fab6-4c61-b0c9-7c49e62c7670"}
{"timestamp_ms":1768459215707,"event":"player_join","player_id":12,"connection_id":"8b3ca067-0443-4f8f-9fb0-f5bd64270b9e"}
{"timestamp_ms":1768459215903,"event":"player_leave","player_id":12,"connection_id":"8b3ca067-0443-4f8f-9fb0-f5bd64270b9e"}
{"timestamp_ms":1768459216265,"event":"player_join","player_id":13,"connection_id":"b0855aff-d973-4b95-b140-ab9e616b363b"}
{"timestamp_ms":1768459216450,"event":"player_leave","player_id":13,"connection_id":"b0855aff-d973-4b95-b140-ab9e616b363b"}
{"timestamp_ms":1768459216809,"event":"player_join","player_id":14,"connection_id":"e0787ab6-1ce1-4393-94ce-430aea120468"}
{"timestamp_ms":1768459217006,"event":"player_leave","player_id":14,"connection_id":"e0787ab6-1ce1-4393-94ce-430aea120468"}
{"timestamp_ms":1768459217366,"event":"player_join","player_id":15,"connection_id":"24a3a00d-c1b9-4c2b-ab38-a593e0b1c8df"}
{"timestamp_ms":1768459217565,"event":"player_leave","player_id":15,"connection_id":"24a3a00d-c1b9-4c2b-ab38-a593e0b1c8df"}
{"timestamp_ms":1768459217927,"event":"player_join","player_id":16,"connection_id":"8bc3bf6c-4351-41f1-84b0-daf837128086"}
{"timestamp_ms":1768459218114,"event":"player_leave","player_id":16,"connection_id":"8bc3bf6c-4351-41f1-84b0-daf837128086"}
{"timestamp_ms":1768459218470,"event":"player_join","player_id":17,"connection_id":"8af93294-6b60-408b-afad-90acfa94941d"}
{"timestamp_ms":1768459218671,"event":"player_leave","player_id":17,"connection_id":"8af93294-6b60-408b-afad-90acfa94941d"}
{"timestamp_ms":1768459219033,"event":"player_join","player_id":18,"connection_id":"d964ad8a-6fa5-42bb-90d9-c0d00326fe19"}
{"timestamp_ms":1768459219223,"event":"player_leave","player_id":18,"connection_id":"d964ad8a-6fa5-42bb-90d9-c0d00326fe19"}
{"timestamp_ms":1768459219592,"event":"player_join","player_id":19,"connection_id":"878728b9-7f21-4a63-809c-951ff1833dc7"}
{"timestamp_ms":1768459219781,"event":"player_leave","player_id":19,"connection_id":"878728b9-7f21-4a63-809c-951ff1833dc7"}
{"timestamp_ms":1768459220159,"event":"player_join","player_id":20,"connection_id":"c3c89bcb-9996-46c3-b6bc-0acfd9553d9c"}
{"timestamp_ms":1768459220343,"event":"player_leave","player_id":20,"connection_id":"c3c89bcb-9996-46c3-b6bc-0acfd9553d9c"}
{"timestamp_ms":1768459220691,"event":"player_join","player_id":21,"connection_id":"260e021a-99f5-451e-90fb-9ac8e9624ee4"}
{"timestamp_ms":1768459220912,"event":"player_leave","player_id":21,"connection_id":"260e021a-99f5-451e-90fb-9ac8e9624ee4"}
{"timestamp_ms":1768459221516,"event":"player_join","player_id":22,"connection_id":"ee39caeb-0f1f-470e-a687-941840e73417"}
{"timestamp_ms":1768459225210,"event":"player_leave","player_id":22,"connection_id":"ee39caeb-0f1f-470e-a687-941840e73417"}
{"timestamp_ms":1768459228234,"event":"player_join","player_id":23,"connection_id":"fc31ff41-ec9e-4e28-874a-4d9e7d6c33d4"}
{"timestamp_ms":1768460547898,"event":"player_leave","player_id":23,"connection_id":"fc31ff41-ec9e-4e28-874a-4d9e7d6c33d4"}
